This file contains any messages produced by compilers while
running configure, to aid debugging if configure makes a mistake.

It was created by opus configure 1.2.1, which was
generated by GNU Autoconf 2.69.  Invocation command line was

  $ ./configure CFLAGS=-fPIC --prefix=/home/guogang.zhb/github/alibabacloud-nls-cpp-sdk/build_linux_sdk/common/opus-prefix

## --------- ##
## Platform. ##
## --------- ##

hostname = nls-dev-servers011164063213.na62
uname -m = x86_64
uname -r = 4.9.151-015.ali3000.alios7.x86_64
uname -s = Linux
uname -v = #1 SMP Tue Mar 12 19:10:26 CST 2019

/usr/bin/uname -p = x86_64
/bin/uname -X     = unknown

/bin/arch              = x86_64
/usr/bin/arch -k       = unknown
/usr/convex/getsysinfo = unknown
/usr/bin/hostinfo      = unknown
/bin/machine           = unknown
/usr/bin/oslevel       = unknown
/bin/universe          = unknown

PATH: /sbin
PATH: /usr/local/bin
PATH: /usr/bin
PATH: /usr/local/sbin
PATH: /usr/sbin
PATH: /usr/X11R6/bin
PATH: /home/guogang.zhb/.local/bin
PATH: /home/guogang.zhb/bin


## ----------- ##
## Core tests. ##
## ----------- ##

configure:2361: checking whether make supports nested variables
configure:2378: result: yes
configure:2444: checking for a BSD-compatible install
configure:2512: result: /usr/bin/install -c
configure:2523: checking whether build environment is sane
configure:2578: result: yes
configure:2729: checking for a thread-safe mkdir -p
configure:2768: result: /usr/bin/mkdir -p
configure:2775: checking for gawk
configure:2791: found /usr/bin/gawk
configure:2802: result: gawk
configure:2813: checking whether make sets $(MAKE)
configure:2835: result: yes
configure:2960: checking whether to enable maintainer-specific portions of Makefiles
configure:2969: result: yes
configure:2987: checking build system type
configure:3001: result: x86_64-unknown-linux-gnu
configure:3021: checking host system type
configure:3034: result: x86_64-unknown-linux-gnu
configure:3106: checking how to print strings
configure:3133: result: printf
configure:3166: checking for style of include used by make
configure:3194: result: GNU
configure:3265: checking for gcc
configure:3281: found /usr/bin/gcc
configure:3292: result: gcc
configure:3521: checking for C compiler version
configure:3530: gcc --version >&5
gcc (GCC) 4.8.5 20150623 (Red Hat 4.8.5-28)
Copyright (C) 2015 Free Software Foundation, Inc.
This is free software; see the source for copying conditions.  There is NO
warranty; not even for MERCHANTABILITY or FITNESS FOR A PARTICULAR PURPOSE.

configure:3541: $? = 0
configure:3530: gcc -v >&5
Using built-in specs.
COLLECT_GCC=gcc
COLLECT_LTO_WRAPPER=/usr/libexec/gcc/x86_64-redhat-linux/4.8.5/lto-wrapper
Target: x86_64-redhat-linux
Configured with: ../configure --prefix=/usr --mandir=/usr/share/man --infodir=/usr/share/info --with-bugurl=http://bugzilla.redhat.com/bugzilla --enable-bootstrap --enable-shared --enable-threads=posix --enable-checking=release --with-system-zlib --enable-__cxa_atexit --disable-libunwind-exceptions --enable-gnu-unique-object --enable-linker-build-id --with-linker-hash-style=gnu --enable-languages=c,c++,objc,obj-c++,java,fortran,ada,go,lto --enable-plugin --enable-initfini-array --disable-libgcj --with-isl=/builddir/build/BUILD/gcc-4.8.5-20150702/obj-x86_64-redhat-linux/isl-install --with-cloog=/builddir/build/BUILD/gcc-4.8.5-20150702/obj-x86_64-redhat-linux/cloog-install --enable-gnu-indirect-function --with-tune=generic --with-arch_32=x86-64 --build=x86_64-redhat-linux
Thread model: posix
gcc version 4.8.5 20150623 (Red Hat 4.8.5-28) (GCC) 
configure:3541: $? = 0
configure:3530: gcc -V >&5
gcc: error: unrecognized command line option '-V'
gcc: fatal error: no input files
compilation terminated.
configure:3541: $? = 4
configure:3530: gcc -qversion >&5
gcc: error: unrecognized command line option '-qversion'
gcc: fatal error: no input files
compilation terminated.
configure:3541: $? = 4
configure:3561: checking whether the C compiler works
configure:3583: gcc -fPIC   conftest.c  >&5
configure:3587: $? = 0
configure:3635: result: yes
configure:3638: checking for C compiler default output file name
configure:3640: result: a.out
configure:3646: checking for suffix of executables
configure:3653: gcc -o conftest -fPIC   conftest.c  >&5
configure:3657: $? = 0
configure:3679: result: 
configure:3701: checking whether we are cross compiling
configure:3709: gcc -o conftest -fPIC   conftest.c  >&5
configure:3713: $? = 0
configure:3720: ./conftest
configure:3724: $? = 0
configure:3739: result: no
configure:3744: checking for suffix of object files
configure:3766: gcc -c -fPIC  conftest.c >&5
configure:3770: $? = 0
configure:3791: result: o
configure:3795: checking whether we are using the GNU C compiler
configure:3814: gcc -c -fPIC  conftest.c >&5
configure:3814: $? = 0
configure:3823: result: yes
configure:3832: checking whether gcc accepts -g
configure:3852: gcc -c -g  conftest.c >&5
configure:3852: $? = 0
configure:3893: result: yes
configure:3910: checking for gcc option to accept ISO C89
configure:3973: gcc  -c -fPIC  conftest.c >&5
configure:3973: $? = 0
configure:3986: result: none needed
configure:4011: checking whether gcc understands -c and -o together
configure:4033: gcc -c conftest.c -o conftest2.o
configure:4036: $? = 0
configure:4033: gcc -c conftest.c -o conftest2.o
configure:4036: $? = 0
configure:4048: result: yes
configure:4067: checking dependency style of gcc
configure:4178: result: gcc3
configure:4193: checking for a sed that does not truncate output
configure:4257: result: /usr/bin/sed
configure:4275: checking for grep that handles long lines and -e
configure:4333: result: /usr/bin/grep
configure:4338: checking for egrep
configure:4400: result: /usr/bin/grep -E
configure:4405: checking for fgrep
configure:4467: result: /usr/bin/grep -F
configure:4502: checking for ld used by gcc
configure:4569: result: /usr/bin/ld
configure:4576: checking if the linker (/usr/bin/ld) is GNU ld
configure:4591: result: yes
configure:4603: checking for BSD- or MS-compatible name lister (nm)
configure:4657: result: /usr/bin/nm -B
configure:4787: checking the name lister (/usr/bin/nm -B) interface
configure:4794: gcc -c -fPIC  conftest.c >&5
configure:4797: /usr/bin/nm -B "conftest.o"
configure:4800: output
0000000000000000 B some_variable
configure:4807: result: BSD nm
configure:4810: checking whether ln -s works
configure:4814: result: yes
configure:4822: checking the maximum length of command line arguments
configure:4953: result: 1572864
configure:5001: checking how to convert x86_64-unknown-linux-gnu file names to x86_64-unknown-linux-gnu format
configure:5041: result: func_convert_file_noop
configure:5048: checking how to convert x86_64-unknown-linux-gnu file names to toolchain format
configure:5068: result: func_convert_file_noop
configure:5075: checking for /usr/bin/ld option to reload object files
configure:5082: result: -r
configure:5156: checking for objdump
configure:5172: found /usr/bin/objdump
configure:5183: result: objdump
configure:5215: checking how to recognize dependent libraries
configure:5415: result: pass_all
configure:5500: checking for dlltool
configure:5530: result: no
configure:5560: checking how to associate runtime and link libraries
configure:5587: result: printf %s\n
configure:5648: checking for ar
configure:5664: found /usr/bin/ar
configure:5675: result: ar
configure:5712: checking for archiver @FILE support
configure:5729: gcc -c -fPIC  conftest.c >&5
configure:5729: $? = 0
configure:5732: ar cru libconftest.a @conftest.lst >&5
configure:5735: $? = 0
configure:5740: ar cru libconftest.a @conftest.lst >&5
ar: conftest.o: No such file or directory
configure:5743: $? = 1
configure:5755: result: @
configure:5813: checking for strip
configure:5829: found /usr/bin/strip
configure:5840: result: strip
configure:5912: checking for ranlib
configure:5928: found /usr/bin/ranlib
configure:5939: result: ranlib
configure:6041: checking command to parse /usr/bin/nm -B output from gcc object
configure:6194: gcc -c -fPIC  conftest.c >&5
configure:6197: $? = 0
configure:6201: /usr/bin/nm -B conftest.o \| sed -n -e 's/^.*[ ]\([ABCDGIRSTW][ABCDGIRSTW]*\)[ ][ ]*\([_A-Za-z][_A-Za-z0-9]*\)$/\1 \2 \2/p' | sed '/ __gnu_lto/d' \> conftest.nm
configure:6204: $? = 0
configure:6270: gcc -o conftest -fPIC   conftest.c conftstm.o >&5
configure:6273: $? = 0
configure:6311: result: ok
configure:6358: checking for sysroot
configure:6388: result: no
configure:6395: checking for a working dd
configure:6433: result: /usr/bin/dd
configure:6437: checking how to truncate binary pipes
configure:6452: result: /usr/bin/dd bs=4096 count=1
configure:6588: gcc -c -fPIC  conftest.c >&5
configure:6591: $? = 0
configure:6781: checking for mt
configure:6811: result: no
configure:6831: checking if : is a manifest tool
configure:6837: : '-?'
configure:6845: result: no
configure:7522: checking how to run the C preprocessor
configure:7553: gcc -E  conftest.c
configure:7553: $? = 0
configure:7567: gcc -E  conftest.c
conftest.c:9:28: fatal error: ac_nonexistent.h: No such file or directory
 #include <ac_nonexistent.h>
                            ^
compilation terminated.
configure:7567: $? = 1
configure: failed program was:
| /* confdefs.h */
| #define PACKAGE_NAME "opus"
| #define PACKAGE_TARNAME "opus"
| #define PACKAGE_VERSION "1.2.1"
| #define PACKAGE_STRING "opus 1.2.1"
| #define PACKAGE_BUGREPORT "opus@xiph.org"
| #define PACKAGE_URL ""
| /* end confdefs.h.  */
| #include <ac_nonexistent.h>
configure:7592: result: gcc -E
configure:7612: gcc -E  conftest.c
configure:7612: $? = 0
configure:7626: gcc -E  conftest.c
conftest.c:9:28: fatal error: ac_nonexistent.h: No such file or directory
 #include <ac_nonexistent.h>
                            ^
compilation terminated.
configure:7626: $? = 1
configure: failed program was:
| /* confdefs.h */
| #define PACKAGE_NAME "opus"
| #define PACKAGE_TARNAME "opus"
| #define PACKAGE_VERSION "1.2.1"
| #define PACKAGE_STRING "opus 1.2.1"
| #define PACKAGE_BUGREPORT "opus@xiph.org"
| #define PACKAGE_URL ""
| /* end confdefs.h.  */
| #include <ac_nonexistent.h>
configure:7655: checking for ANSI C header files
configure:7675: gcc -c -fPIC  conftest.c >&5
configure:7675: $? = 0
configure:7748: gcc -o conftest -fPIC   conftest.c  >&5
configure:7748: $? = 0
configure:7748: ./conftest
configure:7748: $? = 0
configure:7759: result: yes
configure:7772: checking for sys/types.h
configure:7772: gcc -c -fPIC  conftest.c >&5
configure:7772: $? = 0
configure:7772: result: yes
configure:7772: checking for sys/stat.h
configure:7772: gcc -c -fPIC  conftest.c >&5
configure:7772: $? = 0
configure:7772: result: yes
configure:7772: checking for stdlib.h
configure:7772: gcc -c -fPIC  conftest.c >&5
configure:7772: $? = 0
configure:7772: result: yes
configure:7772: checking for string.h
configure:7772: gcc -c -fPIC  conftest.c >&5
configure:7772: $? = 0
configure:7772: result: yes
configure:7772: checking for memory.h
configure:7772: gcc -c -fPIC  conftest.c >&5
configure:7772: $? = 0
configure:7772: result: yes
configure:7772: checking for strings.h
configure:7772: gcc -c -fPIC  conftest.c >&5
configure:7772: $? = 0
configure:7772: result: yes
configure:7772: checking for inttypes.h
configure:7772: gcc -c -fPIC  conftest.c >&5
configure:7772: $? = 0
configure:7772: result: yes
configure:7772: checking for stdint.h
configure:7772: gcc -c -fPIC  conftest.c >&5
configure:7772: $? = 0
configure:7772: result: yes
configure:7772: checking for unistd.h
configure:7772: gcc -c -fPIC  conftest.c >&5
configure:7772: $? = 0
configure:7772: result: yes
configure:7786: checking for dlfcn.h
configure:7786: gcc -c -fPIC  conftest.c >&5
configure:7786: $? = 0
configure:7786: result: yes
configure:8042: checking for objdir
configure:8057: result: .libs
configure:8321: checking if gcc supports -fno-rtti -fno-exceptions
configure:8339: gcc -c -fPIC  -fno-rtti -fno-exceptions conftest.c >&5
cc1: warning: command line option '-fno-rtti' is valid for C++/ObjC++ but not for C [enabled by default]
configure:8343: $? = 0
configure:8356: result: no
configure:8714: checking for gcc option to produce PIC
configure:8721: result: -fPIC -DPIC
configure:8729: checking if gcc PIC flag -fPIC -DPIC works
configure:8747: gcc -c -fPIC  -fPIC -DPIC -DPIC conftest.c >&5
configure:8751: $? = 0
configure:8764: result: yes
configure:8793: checking if gcc static flag -static works
configure:8821: result: no
configure:8836: checking if gcc supports -c -o file.o
configure:8857: gcc -c -fPIC  -o out/conftest2.o conftest.c >&5
configure:8861: $? = 0
configure:8883: result: yes
configure:8891: checking if gcc supports -c -o file.o
configure:8938: result: yes
configure:8971: checking whether the gcc linker (/usr/bin/ld -m elf_x86_64) supports shared libraries
configure:10230: result: yes
configure:10267: checking whether -lc should be explicitly linked in
configure:10275: gcc -c -fPIC  conftest.c >&5
configure:10278: $? = 0
configure:10293: gcc -shared  -fPIC -DPIC conftest.o  -v -Wl,-soname -Wl,conftest -o conftest 2\>\&1 \| /usr/bin/grep  -lc  \>/dev/null 2\>\&1
configure:10296: $? = 0
configure:10310: result: no
configure:10470: checking dynamic linker characteristics
configure:11051: gcc -o conftest -fPIC   -Wl,-rpath -Wl,/foo conftest.c  >&5
configure:11051: $? = 0
configure:11291: result: GNU/Linux ld.so
configure:11413: checking how to hardcode library paths into programs
configure:11438: result: immediate
configure:11986: checking whether stripping libraries is possible
configure:11991: result: yes
configure:12026: checking if libtool supports shared libraries
configure:12028: result: yes
configure:12031: checking whether to build shared libraries
configure:12056: result: yes
configure:12059: checking whether to build static libraries
configure:12063: result: yes
configure:12102: checking for gcc option to accept ISO C99
configure:12251: gcc  -c -fPIC  conftest.c >&5
conftest.c:71:29: error: expected ';', ',' or ')' before 'text'
 test_restrict (ccp restrict text)
                             ^
conftest.c: In function 'main':
conftest.c:125:18: error: expected '=', ',', ';', 'asm' or '__attribute__' before 'newvar'
   char *restrict newvar = "Another string";
                  ^
conftest.c:125:18: error: 'newvar' undeclared (first use in this function)
conftest.c:125:18: note: each undeclared identifier is reported only once for each function it appears in
conftest.c:135:3: error: 'for' loop initial declarations are only allowed in C99 mode
   for (int i = 0; i < ia->datasize; ++i)
   ^
conftest.c:135:3: note: use option -std=c99 or -std=gnu99 to compile your code
configure:12251: $? = 1
configure: failed program was:
| /* confdefs.h */
| #define PACKAGE_NAME "opus"
| #define PACKAGE_TARNAME "opus"
| #define PACKAGE_VERSION "1.2.1"
| #define PACKAGE_STRING "opus 1.2.1"
| #define PACKAGE_BUGREPORT "opus@xiph.org"
| #define PACKAGE_URL ""
| #define STDC_HEADERS 1
| #define HAVE_SYS_TYPES_H 1
| #define HAVE_SYS_STAT_H 1
| #define HAVE_STDLIB_H 1
| #define HAVE_STRING_H 1
| #define HAVE_MEMORY_H 1
| #define HAVE_STRINGS_H 1
| #define HAVE_INTTYPES_H 1
| #define HAVE_STDINT_H 1
| #define HAVE_UNISTD_H 1
| #define HAVE_DLFCN_H 1
| #define LT_OBJDIR ".libs/"
| /* end confdefs.h.  */
| #include <stdarg.h>
| #include <stdbool.h>
| #include <stdlib.h>
| #include <wchar.h>
| #include <stdio.h>
| 
| // Check varargs macros.  These examples are taken from C99 6.10.3.5.
| #define debug(...) fprintf (stderr, __VA_ARGS__)
| #define showlist(...) puts (#__VA_ARGS__)
| #define report(test,...) ((test) ? puts (#test) : printf (__VA_ARGS__))
| static void
| test_varargs_macros (void)
| {
|   int x = 1234;
|   int y = 5678;
|   debug ("Flag");
|   debug ("X = %d\n", x);
|   showlist (The first, second, and third items.);
|   report (x>y, "x is %d but y is %d", x, y);
| }
| 
| // Check long long types.
| #define BIG64 18446744073709551615ull
| #define BIG32 4294967295ul
| #define BIG_OK (BIG64 / BIG32 == 4294967297ull && BIG64 % BIG32 == 0)
| #if !BIG_OK
|   your preprocessor is broken;
| #endif
| #if BIG_OK
| #else
|   your preprocessor is broken;
| #endif
| static long long int bignum = -9223372036854775807LL;
| static unsigned long long int ubignum = BIG64;
| 
| struct incomplete_array
| {
|   int datasize;
|   double data[];
| };
| 
| struct named_init {
|   int number;
|   const wchar_t *name;
|   double average;
| };
| 
| typedef const char *ccp;
| 
| static inline int
| test_restrict (ccp restrict text)
| {
|   // See if C++-style comments work.
|   // Iterate through items via the restricted pointer.
|   // Also check for declarations in for loops.
|   for (unsigned int i = 0; *(text+i) != '\0'; ++i)
|     continue;
|   return 0;
| }
| 
| // Check varargs and va_copy.
| static void
| test_varargs (const char *format, ...)
| {
|   va_list args;
|   va_start (args, format);
|   va_list args_copy;
|   va_copy (args_copy, args);
| 
|   const char *str;
|   int number;
|   float fnumber;
| 
|   while (*format)
|     {
|       switch (*format++)
| 	{
| 	case 's': // string
| 	  str = va_arg (args_copy, const char *);
| 	  break;
| 	case 'd': // int
| 	  number = va_arg (args_copy, int);
| 	  break;
| 	case 'f': // float
| 	  fnumber = va_arg (args_copy, double);
| 	  break;
| 	default:
| 	  break;
| 	}
|     }
|   va_end (args_copy);
|   va_end (args);
| }
| 
| int
| main ()
| {
| 
|   // Check bool.
|   _Bool success = false;
| 
|   // Check restrict.
|   if (test_restrict ("String literal") == 0)
|     success = true;
|   char *restrict newvar = "Another string";
| 
|   // Check varargs.
|   test_varargs ("s, d' f .", "string", 65, 34.234);
|   test_varargs_macros ();
| 
|   // Check flexible array members.
|   struct incomplete_array *ia =
|     malloc (sizeof (struct incomplete_array) + (sizeof (double) * 10));
|   ia->datasize = 10;
|   for (int i = 0; i < ia->datasize; ++i)
|     ia->data[i] = i * 1.234;
| 
|   // Check named initializers.
|   struct named_init ni = {
|     .number = 34,
|     .name = L"Test wide string",
|     .average = 543.34343,
|   };
| 
|   ni.number = 58;
| 
|   int dynamic_array[ni.number];
|   dynamic_array[ni.number - 1] = 543;
| 
|   // work around unused variable warnings
|   return (!success || bignum == 0LL || ubignum == 0uLL || newvar[0] == 'x'
| 	  || dynamic_array[ni.number - 1] != 543);
| 
|   ;
|   return 0;
| }
configure:12251: gcc -std=gnu99 -c -fPIC  conftest.c >&5
configure:12251: $? = 0
configure:12271: result: -std=gnu99
configure:12279: checking for an ANSI C-conforming const
configure:12345: gcc -std=gnu99 -c -fPIC  conftest.c >&5
configure:12345: $? = 0
configure:12352: result: yes
configure:12360: checking for inline
configure:12376: gcc -std=gnu99 -c -fPIC  conftest.c >&5
configure:12376: $? = 0
configure:12384: result: inline
configure:12412: checking dependency style of gcc -std=gnu99
configure:12521: result: gcc3
configure:12545: checking for C/C++ restrict keyword
configure:12570: gcc -std=gnu99 -c -fPIC  conftest.c >&5
configure:12570: $? = 0
configure:12578: result: __restrict
configure:12593: checking for C99 variable-size arrays
configure:12606: gcc -std=gnu99 -c -fPIC  conftest.c >&5
configure:12606: $? = 0
configure:12619: result: yes
configure:12754: checking for cos in -lm
configure:12779: gcc -std=gnu99 -o conftest -fPIC   conftest.c -lm   >&5
conftest.c:31:6: warning: conflicting types for built-in function 'cos' [enabled by default]
 char cos ();
      ^
configure:12779: $? = 0
configure:12788: result: yes
configure:13839: checking if compiler supports SSE intrinsics
configure:13860: gcc -std=gnu99 -o conftest -fPIC   conftest.c  >&5
configure:13860: $? = 0
configure:13864: result: yes
configure:13923: checking if compiler supports SSE2 intrinsics
configure:13944: gcc -std=gnu99 -o conftest -fPIC   conftest.c  >&5
configure:13944: $? = 0
configure:13948: result: yes
configure:14007: checking if compiler supports SSE4.1 intrinsics
configure:14028: gcc -std=gnu99 -o conftest -fPIC   conftest.c  >&5
In file included from conftest.c:24:0:
/usr/lib/gcc/x86_64-redhat-linux/4.8.5/include/smmintrin.h:31:3: error: #error "SSE4.1 instruction set not enabled"
 # error "SSE4.1 instruction set not enabled"
   ^
conftest.c: In function 'main':
conftest.c:31:13: error: unknown type name '__m128i'
             __m128i mtest;
             ^
conftest.c:32:13: warning: implicit declaration of function '_mm_set1_epi32' [-Wimplicit-function-declaration]
             mtest = _mm_set1_epi32((int)time(NULL));
             ^
conftest.c:33:13: warning: implicit declaration of function '_mm_mul_epi32' [-Wimplicit-function-declaration]
             mtest = _mm_mul_epi32(mtest, mtest);
             ^
conftest.c:34:13: warning: implicit declaration of function '_mm_cvtsi128_si32' [-Wimplicit-function-declaration]
             return _mm_cvtsi128_si32(mtest);
             ^
configure:14028: $? = 1
configure: failed program was:
| /* confdefs.h */
| #define PACKAGE_NAME "opus"
| #define PACKAGE_TARNAME "opus"
| #define PACKAGE_VERSION "1.2.1"
| #define PACKAGE_STRING "opus 1.2.1"
| #define PACKAGE_BUGREPORT "opus@xiph.org"
| #define PACKAGE_URL ""
| #define STDC_HEADERS 1
| #define HAVE_SYS_TYPES_H 1
| #define HAVE_SYS_STAT_H 1
| #define HAVE_STDLIB_H 1
| #define HAVE_STRING_H 1
| #define HAVE_MEMORY_H 1
| #define HAVE_STRINGS_H 1
| #define HAVE_INTTYPES_H 1
| #define HAVE_STDINT_H 1
| #define HAVE_UNISTD_H 1
| #define HAVE_DLFCN_H 1
| #define LT_OBJDIR ".libs/"
| #define OPUS_BUILD /**/
| #define restrict __restrict
| #define VAR_ARRAYS 1
| /* end confdefs.h.  */
| #include <smmintrin.h>
|            #include <time.h>
| 
| int
| main ()
| {
| 
|             __m128i mtest;
|             mtest = _mm_set1_epi32((int)time(NULL));
|             mtest = _mm_mul_epi32(mtest, mtest);
|             return _mm_cvtsi128_si32(mtest);
| 
| 
|   ;
|   return 0;
| }
configure:14038: result: no
configure:14040: checking if compiler supports SSE4.1 intrinsics with -msse4.1
configure:14062: gcc -std=gnu99 -o conftest -fPIC -msse4.1   conftest.c  >&5
configure:14062: $? = 0
configure:14064: result: yes
configure:14091: checking if compiler supports AVX intrinsics
configure:14112: gcc -std=gnu99 -o conftest -fPIC   conftest.c  >&5
conftest.c: In function 'main':
conftest.c:31:14: error: unknown type name '__m256'
              __m256 mtest;
              ^
conftest.c:32:14: warning: implicit declaration of function '_mm256_set1_ps' [-Wimplicit-function-declaration]
              mtest = _mm256_set1_ps((float)time(NULL));
              ^
conftest.c:33:14: warning: implicit declaration of function '_mm256_addsub_ps' [-Wimplicit-function-declaration]
              mtest = _mm256_addsub_ps(mtest, mtest);
              ^
conftest.c:34:14: warning: implicit declaration of function '_mm256_extractf128_ps' [-Wimplicit-function-declaration]
              return _mm_cvtss_si32(_mm256_extractf128_ps(mtest, 0));
              ^
conftest.c:34:14: error: incompatible type for argument 1 of '_mm_cvtss_si32'
In file included from /usr/lib/gcc/x86_64-redhat-linux/4.8.5/include/immintrin.h:32:0,
                 from conftest.c:24:
/usr/lib/gcc/x86_64-redhat-linux/4.8.5/include/xmmintrin.h:480:1: note: expected '__m128' but argument is of type 'int'
 _mm_cvtss_si32 (__m128 __A)
 ^
configure:14112: $? = 1
configure: failed program was:
| /* confdefs.h */
| #define PACKAGE_NAME "opus"
| #define PACKAGE_TARNAME "opus"
| #define PACKAGE_VERSION "1.2.1"
| #define PACKAGE_STRING "opus 1.2.1"
| #define PACKAGE_BUGREPORT "opus@xiph.org"
| #define PACKAGE_URL ""
| #define STDC_HEADERS 1
| #define HAVE_SYS_TYPES_H 1
| #define HAVE_SYS_STAT_H 1
| #define HAVE_STDLIB_H 1
| #define HAVE_STRING_H 1
| #define HAVE_MEMORY_H 1
| #define HAVE_STRINGS_H 1
| #define HAVE_INTTYPES_H 1
| #define HAVE_STDINT_H 1
| #define HAVE_UNISTD_H 1
| #define HAVE_DLFCN_H 1
| #define LT_OBJDIR ".libs/"
| #define OPUS_BUILD /**/
| #define restrict __restrict
| #define VAR_ARRAYS 1
| /* end confdefs.h.  */
| #include <immintrin.h>
|            #include <time.h>
| 
| int
| main ()
| {
| 
|              __m256 mtest;
|              mtest = _mm256_set1_ps((float)time(NULL));
|              mtest = _mm256_addsub_ps(mtest, mtest);
|              return _mm_cvtss_si32(_mm256_extractf128_ps(mtest, 0));
| 
| 
|   ;
|   return 0;
| }
configure:14122: result: no
configure:14124: checking if compiler supports AVX intrinsics with -mavx
configure:14146: gcc -std=gnu99 -o conftest -fPIC -mavx   conftest.c  >&5
configure:14146: $? = 0
configure:14148: result: yes
configure:14279: checking How to get X86 CPU Info
configure:14308: gcc -std=gnu99 -o conftest -fPIC   conftest.c  >&5
configure:14308: $? = 0
configure:14310: result: Inline Assembly
configure:14517: checking for doxygen
configure:14545: result: no
configure:14555: checking for dot
configure:14583: result: no
configure:14644: checking if gcc -std=gnu99 supports -fvisibility=hidden
configure:14650: gcc -std=gnu99 -c -fPIC -fvisibility=hidden  conftest.c >&5
configure:14650: $? = 0
configure:14651: result: yes
configure:14666: checking if gcc -std=gnu99 supports -Wall -Wextra -Wcast-align -Wnested-externs -Wshadow -Wstrict-prototypes
configure:14672: gcc -std=gnu99 -c -fPIC -fvisibility=hidden -W -Wall -Wextra -Wcast-align -Wnested-externs -Wshadow -Wstrict-prototypes  conftest.c >&5
configure:14672: $? = 0
configure:14673: result: yes
configure:14687: checking for lrintf
configure:14687: gcc -std=gnu99 -o conftest -fPIC -fvisibility=hidden -W -Wall -Wextra -Wcast-align -Wnested-externs -Wshadow -Wstrict-prototypes   conftest.c  -lm >&5
conftest.c:55:1: warning: function declaration isn't a prototype [-Wstrict-prototypes]
 char lrintf ();
 ^
conftest.c:55:6: warning: conflicting types for built-in function 'lrintf' [enabled by default]
 char lrintf ();
      ^
conftest.c:64:1: warning: function declaration isn't a prototype [-Wstrict-prototypes]
 main ()
 ^
configure:14687: $? = 0
configure:14687: result: yes
configure:14698: checking for lrint
configure:14698: gcc -std=gnu99 -o conftest -fPIC -fvisibility=hidden -W -Wall -Wextra -Wcast-align -Wnested-externs -Wshadow -Wstrict-prototypes   conftest.c  -lm >&5
conftest.c:56:1: warning: function declaration isn't a prototype [-Wstrict-prototypes]
 char lrint ();
 ^
conftest.c:56:6: warning: conflicting types for built-in function 'lrint' [enabled by default]
 char lrint ();
      ^
conftest.c:65:1: warning: function declaration isn't a prototype [-Wstrict-prototypes]
 main ()
 ^
configure:14698: $? = 0
configure:14698: result: yes
configure:14711: checking for __malloc_hook
configure:14711: gcc -std=gnu99 -o conftest -fPIC -fvisibility=hidden -W -Wall -Wextra -Wcast-align -Wnested-externs -Wshadow -Wstrict-prototypes   conftest.c  >&5
conftest.c:57:1: warning: function declaration isn't a prototype [-Wstrict-prototypes]
 char __malloc_hook ();
 ^
conftest.c:66:1: warning: function declaration isn't a prototype [-Wstrict-prototypes]
 main ()
 ^
configure:14711: $? = 0
configure:14711: result: yes
configure:14837: checking that generated files are newer than configure
configure:14843: result: done
configure:14954: creating ./config.status

## ---------------------- ##
## Running config.status. ##
## ---------------------- ##

This file was extended by opus config.status 1.2.1, which was
generated by GNU Autoconf 2.69.  Invocation command line was

  CONFIG_FILES    = 
  CONFIG_HEADERS  = 
  CONFIG_LINKS    = 
  CONFIG_COMMANDS = 
  $ ./config.status 

on nls-dev-servers011164063213.na62

config.status:1162: creating Makefile
config.status:1162: creating opus.pc
config.status:1162: creating opus-uninstalled.pc
config.status:1162: creating celt/arm/armopts.s
config.status:1162: creating doc/Makefile
config.status:1162: creating doc/Doxyfile
config.status:1162: creating config.h
config.status:1391: executing depfiles commands
config.status:1391: executing libtool commands
configure:17134:
------------------------------------------------------------------------
  opus 1.2.1:  Automatic configuration OK.

    Compiler support:

      C99 var arrays: ................ yes
      C99 lrintf: .................... yes
      Use alloca: .................... no (using var arrays)

    General configuration:

      Floating point support: ........ yes
      Fast float approximations: ..... no
      Fixed point debugging: ......... no
      Inline Assembly Optimizations: . No inline ASM for your platform, please send patches
      External Assembly Optimizations: 
      Intrinsics Optimizations.......: x86 SSE SSE2 SSE4.1 AVX
      Run-time CPU detection: ........ x86 SSE4.1 AVX
      Custom modes: .................. no
      Assertion checking: ............ no
      Fuzzing: ....................... no
      Check ASM: ..................... no
      Ambisonics support: ............ no

      API documentation: ............. yes
      Extra programs: ................ yes
------------------------------------------------------------------------

 Type "make; make install" to compile and install
 Type "make check" to run the test suite


## ---------------- ##
## Cache variables. ##
## ---------------- ##

ac_cv_build=x86_64-unknown-linux-gnu
ac_cv_c_compiler_gnu=yes
ac_cv_c_const=yes
ac_cv_c_inline=inline
ac_cv_c_restrict=__restrict
ac_cv_env_ARM_NEON_INTR_CFLAGS_set=
ac_cv_env_ARM_NEON_INTR_CFLAGS_value=
ac_cv_env_CCASFLAGS_set=
ac_cv_env_CCASFLAGS_value=
ac_cv_env_CCAS_set=
ac_cv_env_CCAS_value=
ac_cv_env_CC_set=
ac_cv_env_CC_value=
ac_cv_env_CFLAGS_set=set
ac_cv_env_CFLAGS_value=-fPIC
ac_cv_env_CPPFLAGS_set=
ac_cv_env_CPPFLAGS_value=
ac_cv_env_CPP_set=
ac_cv_env_CPP_value=
ac_cv_env_LDFLAGS_set=
ac_cv_env_LDFLAGS_value=
ac_cv_env_LIBS_set=
ac_cv_env_LIBS_value=
ac_cv_env_LT_SYS_LIBRARY_PATH_set=
ac_cv_env_LT_SYS_LIBRARY_PATH_value=
ac_cv_env_X86_AVX_CFLAGS_set=
ac_cv_env_X86_AVX_CFLAGS_value=
ac_cv_env_X86_SSE2_CFLAGS_set=
ac_cv_env_X86_SSE2_CFLAGS_value=
ac_cv_env_X86_SSE4_1_CFLAGS_set=
ac_cv_env_X86_SSE4_1_CFLAGS_value=
ac_cv_env_X86_SSE_CFLAGS_set=
ac_cv_env_X86_SSE_CFLAGS_value=
ac_cv_env_build_alias_set=
ac_cv_env_build_alias_value=
ac_cv_env_host_alias_set=
ac_cv_env_host_alias_value=
ac_cv_env_target_alias_set=
ac_cv_env_target_alias_value=
ac_cv_func___malloc_hook=yes
ac_cv_func_lrint=yes
ac_cv_func_lrintf=yes
ac_cv_header_dlfcn_h=yes
ac_cv_header_inttypes_h=yes
ac_cv_header_memory_h=yes
ac_cv_header_stdc=yes
ac_cv_header_stdint_h=yes
ac_cv_header_stdlib_h=yes
ac_cv_header_string_h=yes
ac_cv_header_strings_h=yes
ac_cv_header_sys_stat_h=yes
ac_cv_header_sys_types_h=yes
ac_cv_header_unistd_h=yes
ac_cv_host=x86_64-unknown-linux-gnu
ac_cv_lib_m_cos=yes
ac_cv_objext=o
ac_cv_path_EGREP='/usr/bin/grep -E'
ac_cv_path_FGREP='/usr/bin/grep -F'
ac_cv_path_GREP=/usr/bin/grep
ac_cv_path_SED=/usr/bin/sed
ac_cv_path_install='/usr/bin/install -c'
ac_cv_path_lt_DD=/usr/bin/dd
ac_cv_path_mkdir=/usr/bin/mkdir
ac_cv_prog_AWK=gawk
ac_cv_prog_CPP='gcc -E'
ac_cv_prog_HAVE_DOT=no
ac_cv_prog_HAVE_DOXYGEN=no
ac_cv_prog_ac_ct_AR=ar
ac_cv_prog_ac_ct_CC=gcc
ac_cv_prog_ac_ct_OBJDUMP=objdump
ac_cv_prog_ac_ct_RANLIB=ranlib
ac_cv_prog_ac_ct_STRIP=strip
ac_cv_prog_cc_c89=
ac_cv_prog_cc_c99=-std=gnu99
ac_cv_prog_cc_g=yes
ac_cv_prog_make_make_set=yes
am_cv_CCAS_dependencies_compiler_type=gcc3
am_cv_CC_dependencies_compiler_type=gcc3
am_cv_make_support_nested_variables=yes
am_cv_prog_cc_c_o=yes
lt_cv_ar_at_file=@
lt_cv_archive_cmds_need_lc=no
lt_cv_deplibs_check_method=pass_all
lt_cv_file_magic_cmd='$MAGIC_CMD'
lt_cv_file_magic_test_file=
lt_cv_ld_reload_flag=-r
lt_cv_nm_interface='BSD nm'
lt_cv_objdir=.libs
lt_cv_path_LD=/usr/bin/ld
lt_cv_path_NM='/usr/bin/nm -B'
lt_cv_path_mainfest_tool=no
lt_cv_prog_compiler_c_o=yes
lt_cv_prog_compiler_pic='-fPIC -DPIC'
lt_cv_prog_compiler_pic_works=yes
lt_cv_prog_compiler_rtti_exceptions=no
lt_cv_prog_compiler_static_works=no
lt_cv_prog_gnu_ld=yes
lt_cv_sharedlib_from_linklib_cmd='printf %s\n'
lt_cv_shlibpath_overrides_runpath=no
lt_cv_sys_global_symbol_pipe='sed -n -e '\''s/^.*[	 ]\([ABCDGIRSTW][ABCDGIRSTW]*\)[	 ][	 ]*\([_A-Za-z][_A-Za-z0-9]*\)$/\1 \2 \2/p'\'' | sed '\''/ __gnu_lto/d'\'''
lt_cv_sys_global_symbol_to_c_name_address='sed -n -e '\''s/^: \(.*\) .*$/  {"\1", (void *) 0},/p'\'' -e '\''s/^[ABCDGIRSTW][ABCDGIRSTW]* .* \(.*\)$/  {"\1", (void *) \&\1},/p'\'''
lt_cv_sys_global_symbol_to_c_name_address_lib_prefix='sed -n -e '\''s/^: \(.*\) .*$/  {"\1", (void *) 0},/p'\'' -e '\''s/^[ABCDGIRSTW][ABCDGIRSTW]* .* \(lib.*\)$/  {"\1", (void *) \&\1},/p'\'' -e '\''s/^[ABCDGIRSTW][ABCDGIRSTW]* .* \(.*\)$/  {"lib\1", (void *) \&\1},/p'\'''
lt_cv_sys_global_symbol_to_cdecl='sed -n -e '\''s/^T .* \(.*\)$/extern int \1();/p'\'' -e '\''s/^[ABCDGIRSTW][ABCDGIRSTW]* .* \(.*\)$/extern char \1;/p'\'''
lt_cv_sys_global_symbol_to_import=
lt_cv_sys_max_cmd_len=1572864
lt_cv_to_host_file_cmd=func_convert_file_noop
lt_cv_to_tool_file_cmd=func_convert_file_noop
lt_cv_truncate_bin='/usr/bin/dd bs=4096 count=1'

## ----------------- ##
## Output variables. ##
## ----------------- ##

ACLOCAL='${SHELL} /home/guogang.zhb/github/alibabacloud-nls-cpp-sdk/build_linux_sdk/common/opus-prefix/src/opus/missing aclocal-1.15'
AMDEPBACKSLASH='\'
AMDEP_FALSE='#'
AMDEP_TRUE=''
AMTAR='$${TAR-tar}'
AM_BACKSLASH='\'
AM_DEFAULT_V='$(AM_DEFAULT_VERBOSITY)'
AM_DEFAULT_VERBOSITY='0'
AM_V='$(V)'
AR='ar'
ARM2GNU_PARAMS=''
ARM_NEON_INTR_CFLAGS='-mfpu=neon'
AUTOCONF='${SHELL} /home/guogang.zhb/github/alibabacloud-nls-cpp-sdk/build_linux_sdk/common/opus-prefix/src/opus/missing autoconf'
AUTOHEADER='${SHELL} /home/guogang.zhb/github/alibabacloud-nls-cpp-sdk/build_linux_sdk/common/opus-prefix/src/opus/missing autoheader'
AUTOMAKE='${SHELL} /home/guogang.zhb/github/alibabacloud-nls-cpp-sdk/build_linux_sdk/common/opus-prefix/src/opus/missing automake-1.15'
AWK='gawk'
CC='gcc -std=gnu99'
CCAS='gcc -std=gnu99'
CCASDEPMODE='depmode=gcc3'
CCASFLAGS='-fPIC'
CCDEPMODE='depmode=gcc3'
CFLAGS='-fPIC -fvisibility=hidden -W -Wall -Wextra -Wcast-align -Wnested-externs -Wshadow -Wstrict-prototypes'
CPP='gcc -E'
CPPFLAGS=''
CPU_ARM_FALSE=''
CPU_ARM_TRUE='#'
CUSTOM_MODES_FALSE=''
CUSTOM_MODES_TRUE='#'
CYGPATH_W='echo'
DEFS='-DHAVE_CONFIG_H'
DEPDIR='.deps'
DISABLE_FLOAT_API_FALSE=''
DISABLE_FLOAT_API_TRUE='#'
DLLTOOL='false'
DSYMUTIL=''
DUMPBIN=''
ECHO_C=''
ECHO_N='-n'
ECHO_T=''
EGREP='/usr/bin/grep -E'
EXEEXT=''
EXTRA_PROGRAMS_FALSE='#'
EXTRA_PROGRAMS_TRUE=''
FGREP='/usr/bin/grep -F'
FIXED_POINT_FALSE=''
FIXED_POINT_TRUE='#'
GREP='/usr/bin/grep'
HAVE_ARM_NE10=''
HAVE_ARM_NE10_FALSE=''
HAVE_ARM_NE10_TRUE='#'
HAVE_ARM_NEON_INTR_FALSE=''
HAVE_ARM_NEON_INTR_TRUE='#'
HAVE_AVX_FALSE='#'
HAVE_AVX_TRUE=''
HAVE_DOT='no'
HAVE_DOXYGEN='no'
HAVE_DOXYGEN_FALSE=''
HAVE_DOXYGEN_TRUE='#'
HAVE_PERL=''
HAVE_SSE2_FALSE='#'
HAVE_SSE2_TRUE=''
HAVE_SSE4_1_FALSE='#'
HAVE_SSE4_1_TRUE=''
HAVE_SSE_FALSE='#'
HAVE_SSE_TRUE=''
INSTALL_DATA='${INSTALL} -m 644'
INSTALL_PROGRAM='${INSTALL}'
INSTALL_SCRIPT='${INSTALL}'
INSTALL_STRIP_PROGRAM='$(install_sh) -c -s'
LD='/usr/bin/ld -m elf_x86_64'
LDFLAGS=''
LIBM='-lm'
LIBOBJS=''
LIBS=''
LIBTOOL='$(SHELL) $(top_builddir)/libtool'
LIPO=''
LN_S='ln -s'
LTLIBOBJS=''
LT_SYS_LIBRARY_PATH=''
MAINT=''
MAINTAINER_MODE_FALSE='#'
MAINTAINER_MODE_TRUE=''
MAKEINFO='${SHELL} /home/guogang.zhb/github/alibabacloud-nls-cpp-sdk/build_linux_sdk/common/opus-prefix/src/opus/missing makeinfo'
MANIFEST_TOOL=':'
MKDIR_P='/usr/bin/mkdir -p'
NE10_CFLAGS=''
NE10_LIBS=''
NM='/usr/bin/nm -B'
NMEDIT=''
OBJDUMP='objdump'
OBJEXT='o'
OPUS_ARM_EXTERNAL_ASM_FALSE=''
OPUS_ARM_EXTERNAL_ASM_TRUE='#'
OPUS_ARM_INLINE_ASM_FALSE=''
OPUS_ARM_INLINE_ASM_TRUE='#'
OPUS_ARM_MAY_HAVE_EDSP=''
OPUS_ARM_MAY_HAVE_MEDIA=''
OPUS_ARM_MAY_HAVE_NEON=''
OPUS_ARM_NEON_INTR_CFLAGS=''
OPUS_HAVE_RTCD='1'
OPUS_LT_AGE='6'
OPUS_LT_CURRENT='6'
OPUS_LT_REVISION='1'
OPUS_X86_AVX_CFLAGS='-mavx'
OPUS_X86_SSE2_CFLAGS=''
OPUS_X86_SSE4_1_CFLAGS='-msse4.1'
OPUS_X86_SSE_CFLAGS=''
OTOOL64=''
OTOOL=''
PACKAGE='opus'
PACKAGE_BUGREPORT='opus@xiph.org'
PACKAGE_NAME='opus'
PACKAGE_STRING='opus 1.2.1'
PACKAGE_TARNAME='opus'
PACKAGE_URL=''
PACKAGE_VERSION='1.2.1'
PATH_SEPARATOR=':'
PC_BUILD='floating-point'
RANLIB='ranlib'
SED='/usr/bin/sed'
SET_MAKE=''
SHELL='/bin/sh'
STRIP='strip'
VERSION='1.2.1'
X86_AVX_CFLAGS='-mavx'
X86_SSE2_CFLAGS='-msse2'
X86_SSE4_1_CFLAGS='-msse4.1'
X86_SSE_CFLAGS='-msse'
ac_ct_AR='ar'
ac_ct_CC='gcc'
ac_ct_DUMPBIN=''
am__EXEEXT_FALSE=''
am__EXEEXT_TRUE='#'
am__fastdepCCAS_FALSE='#'
am__fastdepCCAS_TRUE=''
am__fastdepCC_FALSE='#'
am__fastdepCC_TRUE=''
am__include='include'
am__isrc=''
am__leading_dot='.'
am__nodep='_no'
am__quote=''
am__tar='$${TAR-tar} chof - "$$tardir"'
am__untar='$${TAR-tar} xf -'
bindir='${exec_prefix}/bin'
build='x86_64-unknown-linux-gnu'
build_alias=''
build_cpu='x86_64'
build_os='linux-gnu'
build_vendor='unknown'
datadir='${datarootdir}'
datarootdir='${prefix}/share'
docdir='${datarootdir}/doc/${PACKAGE_TARNAME}'
dvidir='${docdir}'
exec_prefix='${prefix}'
host='x86_64-unknown-linux-gnu'
host_alias=''
host_cpu='x86_64'
host_os='linux-gnu'
host_vendor='unknown'
htmldir='${docdir}'
includedir='${prefix}/include'
infodir='${datarootdir}/info'
install_sh='${SHELL} /home/guogang.zhb/github/alibabacloud-nls-cpp-sdk/build_linux_sdk/common/opus-prefix/src/opus/install-sh'
libdir='${exec_prefix}/lib'
libexecdir='${exec_prefix}/libexec'
localedir='${datarootdir}/locale'
localstatedir='${prefix}/var'
mandir='${datarootdir}/man'
mkdir_p='$(MKDIR_P)'
oldincludedir='/usr/include'
pdfdir='${docdir}'
prefix='/home/guogang.zhb/github/alibabacloud-nls-cpp-sdk/build_linux_sdk/common/opus-prefix'
program_transform_name='s,x,x,'
psdir='${docdir}'
sbindir='${exec_prefix}/sbin'
sharedstatedir='${prefix}/com'
sysconfdir='${prefix}/etc'
target_alias=''

## ----------- ##
## confdefs.h. ##
## ----------- ##

/* confdefs.h */
#define PACKAGE_NAME "opus"
#define PACKAGE_TARNAME "opus"
#define PACKAGE_VERSION "1.2.1"
#define PACKAGE_STRING "opus 1.2.1"
#define PACKAGE_BUGREPORT "opus@xiph.org"
#define PACKAGE_URL ""
#define STDC_HEADERS 1
#define HAVE_SYS_TYPES_H 1
#define HAVE_SYS_STAT_H 1
#define HAVE_STDLIB_H 1
#define HAVE_STRING_H 1
#define HAVE_MEMORY_H 1
#define HAVE_STRINGS_H 1
#define HAVE_INTTYPES_H 1
#define HAVE_STDINT_H 1
#define HAVE_UNISTD_H 1
#define HAVE_DLFCN_H 1
#define LT_OBJDIR ".libs/"
#define OPUS_BUILD /**/
#define restrict __restrict
#define VAR_ARRAYS 1
#define OPUS_X86_MAY_HAVE_SSE 1
#define OPUS_X86_PRESUME_SSE 1
#define OPUS_X86_MAY_HAVE_SSE2 1
#define OPUS_X86_PRESUME_SSE2 1
#define OPUS_X86_MAY_HAVE_SSE4_1 1
#define OPUS_X86_MAY_HAVE_AVX 1
#define CPU_INFO_BY_ASM 1
#define OPUS_HAVE_RTCD 1
#define HAVE_LRINTF 1
#define HAVE_LRINT 1
#define HAVE___MALLOC_HOOK 1

configure: exit 0
